<?xml version="1.0" encoding="UTF-8"?>
<!-- Generated by org.testng.reporters.JUnitXMLReporter -->
<testsuite hostname="BLANCAACOSTA" ignored="0" name="Default test" tests="5" failures="0" timestamp="24 jul 2018 20:53:29 GMT" time="67.53" errors="0">
  <testcase name="openbrowser" time="3.278" classname="Testing.Flujo_Gastos"/>
  <testcase name="credentials" time="2.493" classname="Testing.Flujo_Gastos"/>
  <testcase name="SeleccionarGastos" time="11.286" classname="Testing.Flujo_Gastos"/>
  <testcase name="Llenar_solicitud" time="4.335" classname="Testing.Flujo_Gastos"/>
  <testcase name="EjecutarGasto" time="25.66" classname="Testing.Flujo_Gastos"/>
</testsuite> <!-- Default test -->
